-------------------------------------------------------------------------------
Test set: de.cuioss.nifi.integration.AttachmentFlowIT$EndToEndFlowTests
-------------------------------------------------------------------------------
Tests run: 2, Failures: 0, Errors: 1, Skipped: 0, Time elapsed: 95.12 s <<< FAILURE! -- in de.cuioss.nifi.integration.AttachmentFlowIT$EndToEndFlowTests
de.cuioss.nifi.integration.AttachmentFlowIT$EndToEndFlowTests.shouldTransitionToProcessingAfterWaitRelease -- Time elapsed: 91.90 s <<< ERROR!
org.awaitility.core.ConditionTimeoutException: 
Assertion condition defined as a Lambda expression in de.cuioss.nifi.integration.AttachmentFlowIT$EndToEndFlowTests 1 expectation failed.
JSON path status doesn't match.
Expected: PROCESSING
  Actual: COLLECTING_ATTACHMENTS
 within 1 minutes  30 seconds.
	at org.awaitility.core.ConditionAwaiter.await(ConditionAwaiter.java:167)
	at org.awaitility.core.AssertionCondition.await(AssertionCondition.java:119)
	at org.awaitility.core.AssertionCondition.await(AssertionCondition.java:31)
	at org.awaitility.core.ConditionFactory.until(ConditionFactory.java:1160)
	at org.awaitility.core.ConditionFactory.untilAsserted(ConditionFactory.java:790)
	at de.cuioss.nifi.integration.AttachmentFlowIT$EndToEndFlowTests.shouldTransitionToProcessingAfterWaitRelease(AttachmentFlowIT.java:367)
Caused by: java.lang.AssertionError: 1 expectation failed.
JSON path status doesn't match.
Expected: PROCESSING
  Actual: COLLECTING_ATTACHMENTS

	at org.codehaus.groovy.vmplugin.v8.IndyInterface.fromCache(IndyInterface.java:344)
	at io.restassured.internal.ResponseSpecificationImpl$HamcrestAssertionClosure.validate(ResponseSpecificationImpl.groovy:516)
	at org.codehaus.groovy.vmplugin.v8.IndyInterface.fromCache(IndyInterface.java:344)
	at io.restassured.internal.ResponseSpecificationImpl.validateResponseIfRequired(ResponseSpecificationImpl.groovy:714)
	at org.codehaus.groovy.vmplugin.v8.IndyInterface.fromCache(IndyInterface.java:344)
	at io.restassured.internal.ResponseSpecificationImpl.body(ResponseSpecificationImpl.groovy:274)
	at org.codehaus.groovy.vmplugin.v8.IndyInterface.fromCache(IndyInterface.java:344)
	at io.restassured.internal.ResponseSpecificationImpl.body(ResponseSpecificationImpl.groovy:121)
	at io.restassured.internal.ValidatableResponseOptionsImpl.body(ValidatableResponseOptionsImpl.java:244)
	at de.cuioss.nifi.integration.AttachmentFlowIT$EndToEndFlowTests.lambda$shouldTransitionToProcessingAfterWaitRelease$0(AttachmentFlowIT.java:373)

