<?xml version="1.0" encoding="UTF-8"?>
<testsuite xmlns:xsi="http://www.w3.org/2001/XMLSchema-instance" xsi:noNamespaceSchemaLocation="https://maven.apache.org/surefire/maven-failsafe-plugin/xsd/failsafe-test-report.xsd" version="3.0.2" name="de.cuioss.nifi.integration.CustomUIEndpointsIT" time="12.554" tests="29" errors="0" skipped="0" failures="0" flakes="0">
  <properties>
[...]
</properties>
  <testcase name="responsesContainSecurityHeaders" classname="Security Headers" time="1.945"/>
  <testcase name="missingProcessorIdReturns401" classname="Security" time="1.083"/>
  <testcase name="invalidProcessorIdReturns401" classname="Security" time="0.268"/>
  <testcase name="routeConfigRoundTrip" classname="Route Configuration Persistence" time="0.444"/>
  <testcase name="shouldIncludeExternalRoutesInConfigResponse" classname="External Config Routes in /config Response" time="0.354"/>
  <testcase name="shouldNotIncludeDisabledRoutesAsEnabled" classname="External Config Routes in /config Response" time="0.131"/>
  <testcase name="shouldIncludeSourceFieldForRoutes" classname="External Config Routes in /config Response" time="0.147"/>
  <testcase name="shouldMarkExternalOnlyRoutes" classname="External Config Routes in /config Response" time="0.133"/>
  <testcase name="shouldIncludeExternalConfigLoadedFlag" classname="External Config Routes in /config Response" time="0.191"/>
  <testcase name="shouldMarkDataRouteAsExternal" classname="External Config Routes in /config Response" time="0.117"/>
  <testcase name="shouldExposeRouteRelationshipsViaNifiApi" classname="NiFi Framework Processor Relationships" time="0.136"/>
  <testcase name="jwksContentValidationWithEmptyKeys" classname="Endpoint Accessibility" time="0.125"/>
  <testcase name="jwksContentValidationWithValidKeys" classname="Endpoint Accessibility" time="0.587"/>
  <testcase name="jwksUrlValidationWithKeycloakUrl" classname="Endpoint Accessibility" time="0.353"/>
  <testcase name="jwksUrlValidationWithNonJwksUrl" classname="Endpoint Accessibility" time="0.186"/>
  <testcase name="jwksFileValidationWithNonexistentPath" classname="Endpoint Accessibility" time="0.122"/>
  <testcase name="verifyTokenWithMissingToken" classname="Endpoint Accessibility" time="0.131"/>
  <testcase name="verifyTokenWithValidKeycloakToken" classname="Endpoint Accessibility" time="0.528"/>
  <testcase name="verifyTokenWithInvalidToken" classname="Endpoint Accessibility" time="0.101"/>
  <testcase name="jwksFileValidationWithValidFile" classname="Endpoint Accessibility" time="0.1"/>
  <testcase name="unknownEndpointReturns405" classname="Endpoint Accessibility" time="0.112"/>
  <testcase name="gatewayTestHappyPath" classname="Gateway Proxy Endpoints" time="0.472"/>
  <testcase name="gatewayMetricsEndpoint" classname="Gateway Proxy Endpoints" time="0.104"/>
  <testcase name="gatewayTestSsrfProtection" classname="Gateway Proxy Endpoints" time="0.198"/>
  <testcase name="gatewayConfigIncludesOutcomeFields" classname="Gateway Proxy Endpoints" time="0.333"/>
  <testcase name="gatewayConfigReturnsJson" classname="Gateway Proxy Endpoints" time="0.799"/>
  <testcase name="componentInfoReturnsProcessorType" classname="Component Info Endpoint" time="0.264"/>
  <testcase name="componentInfoReturnsGatewayType" classname="Component Info Endpoint" time="0.12"/>
  <testcase name="customUIIndexPageAccessible" classname="Static Content" time="0.115"/>
</testsuite>