<?xml version="1.0" encoding="UTF-8"?>
<testsuite xmlns:xsi="http://www.w3.org/2001/XMLSchema-instance" xsi:noNamespaceSchemaLocation="https://maven.apache.org/surefire/maven-failsafe-plugin/xsd/failsafe-test-report.xsd" version="3.0.2" name="de.cuioss.nifi.integration.KeycloakTokenIT" time="0.004" tests="2" errors="0" skipped="2" failures="0">
  <properties/>
  <testcase name="" classname="de.cuioss.nifi.integration.KeycloakTokenIT$ErrorHandlingTests" time="0.0">
    <skipped message="flow.json needs CS architecture update — re-enable after #137 flow migration"/>
  </testcase>
  <testcase name="" classname="de.cuioss.nifi.integration.KeycloakTokenIT$TokenAcquisitionTests" time="0.0">
    <skipped message="flow.json needs CS architecture update — re-enable after #137 flow migration"/>
  </testcase>
</testsuite>