<?xml version="1.0" encoding="UTF-8"?>
<testsuite xmlns:xsi="http://www.w3.org/2001/XMLSchema-instance" xsi:noNamespaceSchemaLocation="https://maven.apache.org/surefire/maven-failsafe-plugin/xsd/failsafe-test-report.xsd" version="3.0.2" name="de.cuioss.nifi.integration.RestApiGatewayIT" time="17.233" tests="99" errors="0" skipped="0" failures="0" flakes="0">
  <properties>
[...]
</properties>
  <testcase name="shouldReturn403WhenTokenLacksRequiredRole" classname="Authorization" time="1.453"/>
  <testcase name="shouldReflectForwardedSchemeHostPortInLocation" classname="Forwarded Header Resolution" time="0.57"/>
  <testcase name="shouldHonorForwardedClientIpWithTrustedProxies" classname="Forwarded Header Resolution" time="0.143"/>
  <testcase name="shouldReflectForwardedSchemeHostPortAndContextPathTogether" classname="Forwarded Header Resolution" time="0.285"/>
  <testcase name="shouldReturn405ForDeleteOnData" classname="Error Handling" time="0.245"/>
  <testcase name="shouldReturn404ForUnknownRoute" classname="Error Handling" time="0.273"/>
  <testcase name="shouldReturn401ForTokenFromWrongRealm" classname="Error Handling" time="0.441"/>
  <testcase name="disabledRouteReturns404" classname="Error Handling" time="0.12"/>
  <testcase name="shouldReturn404ForRemovedHealthRoute" classname="Error Handling" time="0.191"/>
  <testcase name="shouldReturn413ForOversizedBody" classname="Error Handling" time="0.259"/>
  <testcase name="shouldReturn405ForPostOnMetrics" classname="Management Endpoints" time="0.067"/>
  <testcase name="shouldReturn401ForMetricsWithoutAuth" classname="Management Endpoints" time="0.054"/>
  <testcase name="shouldReturn401ForMetricsWithInvalidJwt" classname="Management Endpoints" time="0.143"/>
  <testcase name="shouldReturnHealthWithBearerToken" classname="Management Endpoints" time="0.201"/>
  <testcase name="shouldReturn405ForPostOnHealth" classname="Management Endpoints" time="0.211"/>
  <testcase name="shouldReturn401ForHealthWithoutAuth" classname="Management Endpoints" time="0.133"/>
  <testcase name="shouldReturnPrometheusMetrics" classname="Management Endpoints" time="0.122"/>
  <testcase name="shouldReturnJsonMetrics" classname="Management Endpoints" time="0.134"/>
  <testcase name="shouldReturn405ForGetOnValidated" classname="Schema Validation" time="0.078"/>
  <testcase name="shouldReject422ForMalformedJson" classname="Schema Validation" time="0.096"/>
  <testcase name="shouldReturnViolationsArrayWithPointerAndMessage" classname="Schema Validation" time="0.077"/>
  <testcase name="shouldReject422ForAdditionalProperties" classname="Schema Validation" time="0.069"/>
  <testcase name="shouldReject422ForWrongFieldType" classname="Schema Validation" time="0.077"/>
  <testcase name="shouldReject422ForEmptyBody" classname="Schema Validation" time="0.05"/>
  <testcase name="shouldReject422ForMissingRequiredField" classname="Schema Validation" time="0.257"/>
  <testcase name="shouldAcceptValidBody" classname="Schema Validation" time="0.151"/>
  <testcase name="shouldReturn401ForDataPostWithoutJwt" classname="Data Endpoint" time="0.077"/>
  <testcase name="shouldReturn401ForDataGetWithoutJwt" classname="Data Endpoint" time="0.127"/>
  <testcase name="shouldAcceptDataPostWithValidJwt" classname="Data Endpoint" time="0.218"/>
  <testcase name="shouldReturn401ForDataGetWithInvalidJwt" classname="Data Endpoint" time="0.075"/>
  <testcase name="shouldAcceptDataGetWithValidJwt" classname="Data Endpoint" time="0.084"/>
  <testcase name="shouldIncludeParentTraceIdWhenHeaderProvided" classname="Request Tracking" time="0.326"/>
  <testcase name="shouldReturn404ForUnknownTraceId" classname="Request Tracking" time="0.158"/>
  <testcase name="shouldReturn401ForStatusWithoutAuth" classname="Request Tracking" time="0.078"/>
  <testcase name="shouldReturn400ForInvalidUuid" classname="Request Tracking" time="0.158"/>
  <testcase name="shouldReturn200ForGetOnTrackedRoute" classname="Request Tracking" time="0.171"/>
  <testcase name="shouldReturn400ForMissingTraceId" classname="Request Tracking" time="0.081"/>
  <testcase name="shouldReturnAcceptedStatusForTrackedRequest" classname="Request Tracking" time="0.299"/>
  <testcase name="shouldRouteProxiedDataEndpointAndPrefixStatusLinks" classname="Proxy Context Path" time="0.358"/>
  <testcase name="shouldRouteProxiedManagementEndpoint" classname="Proxy Context Path" time="0.134"/>
  <testcase name="shouldHandleApacheCveAttackInItemId(AttackTestCase)[1]" classname="Path-Parameter Routes" time="0.26"/>
  <testcase name="shouldHandleApacheCveAttackInItemId(AttackTestCase)[2]" classname="Path-Parameter Routes" time="0.173"/>
  <testcase name="shouldHandleApacheCveAttackInItemId(AttackTestCase)[3]" classname="Path-Parameter Routes" time="0.378"/>
  <testcase name="shouldHandleApacheCveAttackInItemId(AttackTestCase)[4]" classname="Path-Parameter Routes" time="0.135"/>
  <testcase name="shouldHandleApacheCveAttackInItemId(AttackTestCase)[5]" classname="Path-Parameter Routes" time="0.156"/>
  <testcase name="shouldHandleApacheCveAttackInItemId(AttackTestCase)[6]" classname="Path-Parameter Routes" time="0.117"/>
  <testcase name="shouldHandleApacheCveAttackInItemId(AttackTestCase)[7]" classname="Path-Parameter Routes" time="0.141"/>
  <testcase name="shouldHandleApacheCveAttackInItemId(AttackTestCase)[8]" classname="Path-Parameter Routes" time="0.133"/>
  <testcase name="shouldHandleApacheCveAttackInItemId(AttackTestCase)[9]" classname="Path-Parameter Routes" time="0.311"/>
  <testcase name="shouldHandleApacheCveAttackInItemId(AttackTestCase)[10]" classname="Path-Parameter Routes" time="0.064"/>
  <testcase name="shouldHandleApacheCveAttackInItemId(AttackTestCase)[11]" classname="Path-Parameter Routes" time="0.053"/>
  <testcase name="shouldHandleApacheCveAttackInItemId(AttackTestCase)[12]" classname="Path-Parameter Routes" time="0.049"/>
  <testcase name="shouldHandleApacheCveAttackInItemId(AttackTestCase)[13]" classname="Path-Parameter Routes" time="0.064"/>
  <testcase name="shouldHandleApacheCveAttackInItemId(AttackTestCase)[14]" classname="Path-Parameter Routes" time="0.094"/>
  <testcase name="shouldHandleApacheCveAttackInItemId(AttackTestCase)[15]" classname="Path-Parameter Routes" time="0.125"/>
  <testcase name="shouldReturn401ForParameterizedRouteWithoutJwt" classname="Path-Parameter Routes" time="0.066"/>
  <testcase name="shouldHandleModSecurityAttackInItemId(AttackTestCase)[1]" classname="Path-Parameter Routes" time="0.108"/>
  <testcase name="shouldHandleModSecurityAttackInItemId(AttackTestCase)[2]" classname="Path-Parameter Routes" time="0.144"/>
  <testcase name="shouldHandleModSecurityAttackInItemId(AttackTestCase)[3]" classname="Path-Parameter Routes" time="0.133"/>
  <testcase name="shouldHandleModSecurityAttackInItemId(AttackTestCase)[4]" classname="Path-Parameter Routes" time="0.123"/>
  <testcase name="shouldHandleModSecurityAttackInItemId(AttackTestCase)[5]" classname="Path-Parameter Routes" time="0.057"/>
  <testcase name="shouldHandleModSecurityAttackInItemId(AttackTestCase)[6]" classname="Path-Parameter Routes" time="0.067"/>
  <testcase name="shouldHandleModSecurityAttackInItemId(AttackTestCase)[7]" classname="Path-Parameter Routes" time="0.096"/>
  <testcase name="shouldHandleModSecurityAttackInItemId(AttackTestCase)[8]" classname="Path-Parameter Routes" time="0.088"/>
  <testcase name="shouldHandleModSecurityAttackInItemId(AttackTestCase)[9]" classname="Path-Parameter Routes" time="0.094"/>
  <testcase name="shouldHandleModSecurityAttackInItemId(AttackTestCase)[10]" classname="Path-Parameter Routes" time="0.142"/>
  <testcase name="shouldHandleModSecurityAttackInItemId(AttackTestCase)[11]" classname="Path-Parameter Routes" time="0.065"/>
  <testcase name="shouldHandleModSecurityAttackInItemId(AttackTestCase)[12]" classname="Path-Parameter Routes" time="0.169"/>
  <testcase name="shouldHandleModSecurityAttackInItemId(AttackTestCase)[13]" classname="Path-Parameter Routes" time="0.091"/>
  <testcase name="shouldHandleModSecurityAttackInItemId(AttackTestCase)[14]" classname="Path-Parameter Routes" time="0.081"/>
  <testcase name="shouldHandleModSecurityAttackInItemId(AttackTestCase)[15]" classname="Path-Parameter Routes" time="0.048"/>
  <testcase name="shouldHandleModSecurityAttackInItemId(AttackTestCase)[16]" classname="Path-Parameter Routes" time="0.039"/>
  <testcase name="shouldHandleModSecurityAttackInItemId(AttackTestCase)[17]" classname="Path-Parameter Routes" time="0.037"/>
  <testcase name="shouldHandleModSecurityAttackInItemId(AttackTestCase)[18]" classname="Path-Parameter Routes" time="0.04"/>
  <testcase name="shouldHandleModSecurityAttackInItemId(AttackTestCase)[19]" classname="Path-Parameter Routes" time="0.044"/>
  <testcase name="shouldHandleModSecurityAttackInItemId(AttackTestCase)[20]" classname="Path-Parameter Routes" time="0.048"/>
  <testcase name="shouldReturn404ForNonMatchingPath" classname="Path-Parameter Routes" time="0.046"/>
  <testcase name="shouldHandleOwaspAttackInItemId(AttackTestCase)[1]" classname="Path-Parameter Routes" time="0.071"/>
  <testcase name="shouldHandleOwaspAttackInItemId(AttackTestCase)[2]" classname="Path-Parameter Routes" time="0.045"/>
  <testcase name="shouldHandleOwaspAttackInItemId(AttackTestCase)[3]" classname="Path-Parameter Routes" time="0.041"/>
  <testcase name="shouldHandleOwaspAttackInItemId(AttackTestCase)[4]" classname="Path-Parameter Routes" time="0.031"/>
  <testcase name="shouldHandleOwaspAttackInItemId(AttackTestCase)[5]" classname="Path-Parameter Routes" time="0.09"/>
  <testcase name="shouldHandleOwaspAttackInItemId(AttackTestCase)[6]" classname="Path-Parameter Routes" time="0.054"/>
  <testcase name="shouldHandleOwaspAttackInItemId(AttackTestCase)[7]" classname="Path-Parameter Routes" time="0.096"/>
  <testcase name="shouldHandleOwaspAttackInItemId(AttackTestCase)[8]" classname="Path-Parameter Routes" time="0.075"/>
  <testcase name="shouldHandleOwaspAttackInItemId(AttackTestCase)[9]" classname="Path-Parameter Routes" time="0.085"/>
  <testcase name="shouldMatchParameterizedRoute(String)[1]" classname="Path-Parameter Routes" time="0.084"/>
  <testcase name="shouldMatchParameterizedRoute(String)[2]" classname="Path-Parameter Routes" time="0.075"/>
  <testcase name="shouldMatchParameterizedRoute(String)[3]" classname="Path-Parameter Routes" time="0.077"/>
  <testcase name="shouldMatchParameterizedRouteForDifferentValue(String)[1]" classname="Path-Parameter Routes" time="0.051"/>
  <testcase name="shouldMatchParameterizedRouteForDifferentValue(String)[2]" classname="Path-Parameter Routes" time="0.082"/>
  <testcase name="shouldMatchParameterizedRouteForDifferentValue(String)[3]" classname="Path-Parameter Routes" time="0.046"/>
  <testcase name="scopedRouteShouldReturn401WithoutToken" classname="Sandbox Routes" time="0.089"/>
  <testcase name="scopedRouteShouldAcceptTokenWithRequiredScope" classname="Sandbox Routes" time="0.07"/>
  <testcase name="anonymousRouteShouldAcceptRequestWithToken" classname="Sandbox Routes" time="0.046"/>
  <testcase name="scopedRouteShouldRejectTokenMissingRequiredScope" classname="Sandbox Routes" time="0.047"/>
  <testcase name="anonymousRouteShouldAcceptRequestWithoutToken" classname="Sandbox Routes" time="0.047"/>
  <testcase name="shouldReject422ForInvalidBodyOnInlineSchemaRoute" classname="Inline Schema Validation" time="0.077"/>
  <testcase name="shouldAcceptValidBodyOnInlineSchemaRoute" classname="Inline Schema Validation" time="0.039"/>
</testsuite>