<?xml version="1.0" encoding="UTF-8"?>
<testsuite xmlns:xsi="http://www.w3.org/2001/XMLSchema-instance" xsi:noNamespaceSchemaLocation="https://maven.apache.org/surefire/maven-failsafe-plugin/xsd/failsafe-test-report.xsd" version="3.0.2" name="de.cuioss.nifi.integration.NiFiFlowPipelineIT" time="0.001" tests="4" errors="0" skipped="4" failures="0">
  <properties/>
  <testcase name="" classname="de.cuioss.nifi.integration.NiFiFlowPipelineIT$NoTokenTests" time="0.0">
    <skipped message="flow.json needs CS architecture update — re-enable after #137 flow migration"/>
  </testcase>
  <testcase name="" classname="de.cuioss.nifi.integration.NiFiFlowPipelineIT$MissingAuthorizationTests" time="0.0">
    <skipped message="flow.json needs CS architecture update — re-enable after #137 flow migration"/>
  </testcase>
  <testcase name="" classname="de.cuioss.nifi.integration.NiFiFlowPipelineIT$InvalidSignatureTests" time="0.0">
    <skipped message="flow.json needs CS architecture update — re-enable after #137 flow migration"/>
  </testcase>
  <testcase name="" classname="de.cuioss.nifi.integration.NiFiFlowPipelineIT$ValidTokenTests" time="0.0">
    <skipped message="flow.json needs CS architecture update — re-enable after #137 flow migration"/>
  </testcase>
</testsuite>