<?xml version="1.0" encoding="UTF-8"?>
<testsuite xmlns:xsi="http://www.w3.org/2001/XMLSchema-instance" xsi:noNamespaceSchemaLocation="https://maven.apache.org/surefire/maven-failsafe-plugin/xsd/failsafe-test-report.xsd" version="3.0.2" name="de.cuioss.nifi.integration.CustomUIEndpointsIT$EndpointAccessibility" time="1.828" tests="7" errors="0" skipped="0" failures="0">
  <properties>
[...]
</properties>
  <testcase name="jwksUrlValidationWithNonJwksUrl" classname="de.cuioss.nifi.integration.CustomUIEndpointsIT$EndpointAccessibility" time="0.283"/>
  <testcase name="jwksFileValidationWithNonexistentPath" classname="de.cuioss.nifi.integration.CustomUIEndpointsIT$EndpointAccessibility" time="0.068"/>
  <testcase name="verifyTokenWithMissingToken" classname="de.cuioss.nifi.integration.CustomUIEndpointsIT$EndpointAccessibility" time="0.059"/>
  <testcase name="verifyTokenWithValidKeycloakToken" classname="de.cuioss.nifi.integration.CustomUIEndpointsIT$EndpointAccessibility" time="0.227"/>
  <testcase name="verifyTokenWithInvalidToken" classname="de.cuioss.nifi.integration.CustomUIEndpointsIT$EndpointAccessibility" time="0.064"/>
  <testcase name="jwksFileValidationWithValidFile" classname="de.cuioss.nifi.integration.CustomUIEndpointsIT$EndpointAccessibility" time="0.056"/>
  <testcase name="unknownEndpointReturns405" classname="de.cuioss.nifi.integration.CustomUIEndpointsIT$EndpointAccessibility" time="0.043"/>
</testsuite>