<?xml version="1.0" encoding="UTF-8"?>
<testsuite xmlns:xsi="http://www.w3.org/2001/XMLSchema-instance" xsi:noNamespaceSchemaLocation="https://maven.apache.org/surefire/maven-failsafe-plugin/xsd/failsafe-test-report.xsd" version="3.0.2" name="de.cuioss.sheriff.oauth.integration.JwtValidationEndpointIntegrationIT" time="5.463" tests="0" errors="0" skipped="0" failures="0">
  <properties>
[...]
</properties>
  <testcase name="keycloakHealthiness" classname="JWT Validation Endpoint Tests - Integration Realm" time="1.259">
    <system-err><![CDATA[LogManager error of type OPEN_FAILURE: Failed to set log file
java.io.FileNotFoundException: /quarkus.log (Permission denied)
	at java.base/java.io.FileOutputStream.open0(Native Method)
	at java.base/java.io.FileOutputStream.open(FileOutputStream.java:289)
	at java.base/java.io.FileOutputStream.<init>(FileOutputStream.java:230)
	at org.jboss.logmanager.handlers.FileHandler.setFile(FileHandler.java:155)
	at org.jboss.logmanager.handlers.SizeRotatingFileHandler.setFileInternal(SizeRotatingFileHandler.java:288)
	at org.jboss.logmanager.handlers.SizeRotatingFileHandler.setFile(SizeRotatingFileHandler.java:158)
	at io.quarkus.runtime.logging.LoggingSetupRecorder.configureFileHandler(LoggingSetupRecorder.java:702)
	at io.quarkus.runtime.logging.LoggingSetupRecorder.initializeLogging(LoggingSetupRecorder.java:215)
	at io.quarkus.runtime.logging.LoggingSetupRecorder.handleFailedStart(LoggingSetupRecorder.java:127)
	at io.quarkus.runtime.logging.LoggingSetupRecorder.handleFailedStart(LoggingSetupRecorder.java:93)
	at io.quarkus.test.config.LoggingSetupExtension.<init>(LoggingSetupExtension.java:15)
	at java.base/jdk.internal.reflect.DirectConstructorHandleAccessor.newInstance(DirectConstructorHandleAccessor.java:62)
	at java.base/java.lang.reflect.Constructor.newInstanceWithCaller(Constructor.java:502)
	at java.base/java.lang.reflect.Constructor.newInstance(Constructor.java:486)
	at java.base/java.util.ServiceLoader$ProviderImpl.newInstance(ServiceLoader.java:789)
	at java.base/java.util.ServiceLoader$ProviderImpl.get(ServiceLoader.java:729)
	at java.base/java.util.stream.ReferencePipeline$3$1.accept(ReferencePipeline.java:197)
	at java.base/java.util.stream.ReferencePipeline$2$1.accept(ReferencePipeline.java:179)
	at java.base/java.util.ServiceLoader$ProviderSpliterator.tryAdvance(ServiceLoader.java:1499)
	at java.base/java.util.Spliterator.forEachRemaining(Spliterator.java:332)
	at java.base/java.util.stream.AbstractPipeline.copyInto(AbstractPipeline.java:509)
	at java.base/java.util.stream.AbstractPipeline.wrapAndCopyInto(AbstractPipeline.java:499)
	at java.base/java.util.stream.ForEachOps$ForEachOp.evaluateSequential(ForEachOps.java:151)
	at java.base/java.util.stream.ForEachOps$ForEachOp$OfRef.evaluateSequential(ForEachOps.java:174)
	at java.base/java.util.stream.AbstractPipeline.evaluate(AbstractPipeline.java:234)
	at java.base/java.util.stream.ReferencePipeline.forEach(ReferencePipeline.java:596)
	at org.junit.jupiter.engine.extension.MutableExtensionRegistry.registerAutoDetectedExtensions(MutableExtensionRegistry.java:113)
	at org.junit.jupiter.engine.extension.MutableExtensionRegistry.createRegistryWithDefaultExtensions(MutableExtensionRegistry.java:88)
	at org.junit.jupiter.engine.descriptor.JupiterEngineDescriptor.prepare(JupiterEngineDescriptor.java:51)
	at org.junit.jupiter.engine.descriptor.JupiterEngineDescriptor.prepare(JupiterEngineDescriptor.java:29)
	at org.junit.platform.engine.support.hierarchical.NodeTestTask.lambda$prepare$0(NodeTestTask.java:144)
	at org.junit.platform.engine.support.hierarchical.ThrowableCollector.execute(ThrowableCollector.java:74)
	at org.junit.platform.engine.support.hierarchical.NodeTestTask.prepare(NodeTestTask.java:144)
	at org.junit.platform.engine.support.hierarchical.NodeTestTask.execute(NodeTestTask.java:110)
	at org.junit.platform.engine.support.hierarchical.SameThreadHierarchicalTestExecutorService.submit(SameThreadHierarchicalTestExecutorService.java:36)
	at org.junit.platform.engine.support.hierarchical.HierarchicalTestExecutor.execute(HierarchicalTestExecutor.java:52)
	at org.junit.platform.engine.support.hierarchical.HierarchicalTestEngine.execute(HierarchicalTestEngine.java:58)
	at org.junit.platform.launcher.core.EngineExecutionOrchestrator.executeEngine(EngineExecutionOrchestrator.java:246)
	at org.junit.platform.launcher.core.EngineExecutionOrchestrator.failOrExecuteEngine(EngineExecutionOrchestrator.java:218)
	at org.junit.platform.launcher.core.EngineExecutionOrchestrator.execute(EngineExecutionOrchestrator.java:179)
	at org.junit.platform.launcher.core.EngineExecutionOrchestrator.execute(EngineExecutionOrchestrator.java:108)
	at org.junit.platform.launcher.core.EngineExecutionOrchestrator.lambda$execute$0(EngineExecutionOrchestrator.java:66)
	at org.junit.platform.launcher.core.EngineExecutionOrchestrator.withInterceptedStreams(EngineExecutionOrchestrator.java:157)
	at org.junit.platform.launcher.core.EngineExecutionOrchestrator.execute(EngineExecutionOrchestrator.java:65)
	at org.junit.platform.launcher.core.DefaultLauncher.execute(DefaultLauncher.java:125)
	at org.junit.platform.launcher.core.DefaultLauncher.execute(DefaultLauncher.java:114)
	at org.junit.platform.launcher.core.DelegatingLauncher.execute(DelegatingLauncher.java:58)
	at org.junit.platform.launcher.core.InterceptingLauncher.lambda$execute$2(InterceptingLauncher.java:57)
	at org.junit.platform.launcher.core.ClasspathAlignmentCheckingLauncherInterceptor.intercept(ClasspathAlignmentCheckingLauncherInterceptor.java:25)
	at org.junit.platform.launcher.core.InterceptingLauncher.execute(InterceptingLauncher.java:56)
	at org.junit.platform.launcher.core.DelegatingLauncher.execute(DelegatingLauncher.java:58)
	at java.base/jdk.internal.reflect.DirectMethodHandleAccessor.invoke(DirectMethodHandleAccessor.java:103)
	at java.base/java.lang.reflect.Method.invoke(Method.java:580)
	at org.apache.maven.surefire.api.util.ReflectionUtils.invokeMethodWithArray(ReflectionUtils.java:125)
	at org.apache.maven.surefire.junitplatform.LauncherAdapter.executeWithCancellationToken(LauncherAdapter.java:68)
	at org.apache.maven.surefire.junitplatform.LauncherAdapter.execute(LauncherAdapter.java:54)
	at org.apache.maven.surefire.junitplatform.JUnitPlatformProvider.execute(JUnitPlatformProvider.java:203)
	at org.apache.maven.surefire.junitplatform.JUnitPlatformProvider.invokeAllTests(JUnitPlatformProvider.java:168)
	at org.apache.maven.surefire.junitplatform.JUnitPlatformProvider.invoke(JUnitPlatformProvider.java:134)
	at org.apache.maven.surefire.booter.ForkedBooter.runSuitesInProcess(ForkedBooter.java:385)
	at org.apache.maven.surefire.booter.ForkedBooter.execute(ForkedBooter.java:162)
	at org.apache.maven.surefire.booter.ForkedBooter.run(ForkedBooter.java:507)
	at org.apache.maven.surefire.booter.ForkedBooter.main(ForkedBooter.java:495)
]]></system-err>
  </testcase>
  <testcase name="verifySecurityEventCounterMetrics" classname="JWT Validation Endpoint Tests - Integration Realm" time="1.084"/>
  <testcase name="validateAccessTokenEndpointPositive" classname="Positive Tests - Valid Token Validation" time="0.454"/>
  <testcase name="validateIdTokenEndpointPositive" classname="Positive Tests - Valid Token Validation" time="0.348"/>
  <testcase name="validateRefreshTokenEndpointPositive" classname="Positive Tests - Valid Token Validation" time="0.125"/>
  <testcase name="validateAccessTokenEndpointMultipleRequests" classname="Positive Tests - Valid Token Validation" time="0.187"/>
  <testcase name="bearerTokenEndpointValidation(String)[1]" classname="Bearer Token Producer Tests" time="0.096"/>
  <testcase name="bearerTokenEndpointValidation(String)[2]" classname="Bearer Token Producer Tests" time="0.097"/>
  <testcase name="bearerTokenEndpointValidation(String)[3]" classname="Bearer Token Producer Tests" time="0.094"/>
  <testcase name="bearerTokenEndpointValidation(String)[4]" classname="Bearer Token Producer Tests" time="0.105"/>
  <testcase name="interceptorValidationMissingToken" classname="Bearer Token Interceptor Tests" time="0.016"/>
  <testcase name="interceptorValidationWithStringReturnMissingToken" classname="Bearer Token Interceptor Tests" time="0.016"/>
  <testcase name="cdiInjectionWithBearerTokenInvalidToken" classname="Bearer Token Interceptor Tests" time="0.015"/>
  <testcase name="interceptorValidationWithStringReturnSuccess" classname="Bearer Token Interceptor Tests" time="0.086"/>
  <testcase name="interceptorValidationWithAll" classname="Bearer Token Interceptor Tests" time="0.097"/>
  <testcase name="interceptorValidationInvalidToken" classname="Bearer Token Interceptor Tests" time="0.014"/>
  <testcase name="interceptorValidationWithGroups" classname="Bearer Token Interceptor Tests" time="0.103"/>
  <testcase name="interceptorValidationWithScopes" classname="Bearer Token Interceptor Tests" time="0.099"/>
  <testcase name="interceptorValidationWithStringReturnFailure" classname="Bearer Token Interceptor Tests" time="0.086"/>
  <testcase name="cdiInjectionWithBearerTokenValidation" classname="Bearer Token Interceptor Tests" time="0.105"/>
  <testcase name="interceptorValidationWithRoles" classname="Bearer Token Interceptor Tests" time="0.113"/>
  <testcase name="interceptorValidationBasic" classname="Bearer Token Interceptor Tests" time="0.099"/>
  <testcase name="cdiInjectionWithBearerTokenMissingToken" classname="Bearer Token Interceptor Tests" time="0.015"/>
  <testcase name="interceptorValidationWithDefaultPermissions(String)[1]" classname="Bearer Token Interceptor Tests" time="0.083"/>
  <testcase name="interceptorValidationWithDefaultPermissions(String)[2]" classname="Bearer Token Interceptor Tests" time="0.082"/>
  <testcase name="interceptorValidationWithDefaultPermissions(String)[3]" classname="Bearer Token Interceptor Tests" time="0.134"/>
</testsuite>