{
  "stats": {
    "suites": 1,
    "tests": 15,
    "passes": 15,
    "pending": 0,
    "failures": 0,
    "start": "2025-06-22T18:54:33.148Z",
    "end": "2025-06-22T18:54:37.697Z",
    "duration": 4549,
    "testsRegistered": 15,
    "passPercent": 100,
    "pendingPercent": 0,
    "other": 0,
    "hasOther": false,
    "skipped": 0,
    "hasSkipped": false
  },
  "results": [
    {
      "uuid": "f7510089-8dac-447c-b057-fb874eb17f40",
      "title": "",
      "fullFile": "cypress/e2e/03-nifi-advanced-settings.cy.js",
      "file": "cypress/e2e/03-nifi-advanced-settings.cy.js",
      "beforeHooks": [],
      "afterHooks": [],
      "tests": [],
      "suites": [
        {
          "uuid": "5c3516db-ecf1-4d59-b438-368cc95f1d1e",
          "title": "NiFi Advanced Settings Test",
          "fullFile": "",
          "file": "",
          "beforeHooks": [],
          "afterHooks": [],
          "tests": [
            {
              "title": "should access MultiIssuerJWTTokenAuthenticator advanced settings",
              "fullTitle": "NiFi Advanced Settings Test should access MultiIssuerJWTTokenAuthenticator advanced settings",
              "timedOut": null,
              "duration": 804,
              "state": "passed",
              "speed": "fast",
              "pass": true,
              "fail": false,
              "pending": false,
              "context": null,
              "code": "// This is the first functional test for advanced settings access\n// Test Goal: Access and verify the custom UI tabs for the JWT processor\ncy.log('Starting advanced settings test for MultiIssuerJWTTokenAuthenticator');\n// First, we need to add the processor to the canvas\ncy.get('body').then($body => {\n  // Look for ways to add a processor - either drag and drop or add button\n  const hasAddButton = $body.find('*').filter((i, el) => {\n    const text = Cypress.$(el).text().toLowerCase();\n    return text.includes('add') && (text.includes('processor') || text.includes('component'));\n  }).length > 0;\n  const hasToolbar = $body.find('.toolbar, [class*=\"toolbar\"], .palette, [class*=\"palette\"]').length > 0;\n  const hasCanvas = $body.find('#canvas, .canvas, svg').length > 0;\n  cy.log(`Canvas environment: Add button: ${hasAddButton}, Toolbar: ${hasToolbar}, Canvas: ${hasCanvas}`);\n  if (hasAddButton) {\n    // Try to find and click an add processor button\n    cy.get('*').contains(/add.*processor/i).first().click({\n      force: true\n    });\n    cy.wait(1000);\n    // Look for processor selection dialog or component list\n    cy.get('body').then($bodyAfterAdd => {\n      const hasDialog = $bodyAfterAdd.find('[role=\"dialog\"], .dialog, .modal').length > 0;\n      const hasProcessorList = $bodyAfterAdd.find('*').filter((i, el) => {\n        return Cypress.$(el).text().includes('MultiIssuer') || Cypress.$(el).text().includes('JWT');\n      }).length > 0;\n      cy.log(`After add click: Dialog: ${hasDialog}, JWT processor visible: ${hasProcessorList}`);\n      if (hasProcessorList) {\n        // Try to find and select the MultiIssuerJWTTokenAuthenticator\n        cy.get('*').contains(/MultiIssuer.*JWT/i).first().click({\n          force: true\n        });\n        cy.wait(500);\n        // Confirm adding the processor (look for OK, Add, or Apply button)\n        cy.get('body').then($bodyWithProcessor => {\n          const hasConfirmButton = $bodyWithProcessor.find('button').filter((i, btn) => {\n            const text = Cypress.$(btn).text().toLowerCase();\n            return text.includes('ok') || text.includes('add') || text.includes('apply');\n          }).length > 0;\n          if (hasConfirmButton) {\n            cy.get('button').contains(/(ok|add|apply)/i).first().click({\n              force: true\n            });\n            cy.wait(1000);\n            // Now test accessing the processor configuration\n            cy.testProcessorAdvancedSettings();\n          } else {\n            cy.log('No confirm button found, attempting direct configuration access');\n            cy.testProcessorAdvancedSettings();\n          }\n        });\n      } else {\n        cy.log('JWT processor not found in list, testing with any available processor');\n        cy.testProcessorAdvancedSettings();\n      }\n    });\n  } else {\n    cy.log('No add processor button found, testing configuration access with existing elements');\n    cy.testProcessorAdvancedSettings();\n  }\n});",
              "err": {},
              "uuid": "075a4e85-1d3c-45f0-9af6-6ce3de9a9e9c",
              "parentUUID": "5c3516db-ecf1-4d59-b438-368cc95f1d1e",
              "isHook": false,
              "skipped": false
            },
            {
              "title": "should verify JWT processor custom UI components",
              "fullTitle": "NiFi Advanced Settings Test should verify JWT processor custom UI components",
              "timedOut": null,
              "duration": 225,
              "state": "passed",
              "speed": "fast",
              "pass": true,
              "fail": false,
              "pending": false,
              "context": null,
              "code": "// Test specifically for the custom UI components of the JWT processor\ncy.log('Testing JWT processor custom UI component detection');\ncy.get('body').then($body => {\n  // Check if JWT components are already loaded on the page\n  const hasJWTComponents = $body.find('[class*=\"jwt\"], [class*=\"issuer\"], [class*=\"token\"]').length > 0;\n  const hasCustomTabs = $body.find('.custom-tab, [data-tab], .jwt-validator-tabs').length > 0;\n  cy.log(`JWT UI state: Components: ${hasJWTComponents}, Custom tabs: ${hasCustomTabs}`);\n  if (hasJWTComponents || hasCustomTabs) {\n    cy.log('JWT custom UI components detected - testing functionality');\n    cy.testCustomUITabs();\n  } else {\n    cy.log('No JWT UI components detected yet - attempting to access configuration');\n    cy.testProcessorAdvancedSettings();\n  }\n});",
              "err": {},
              "uuid": "f62b5e46-061f-4807-b778-f82149b6d0f1",
              "parentUUID": "5c3516db-ecf1-4d59-b438-368cc95f1d1e",
              "isHook": false,
              "skipped": false
            },
            {
              "title": "should access issuer configuration interface",
              "fullTitle": "NiFi Advanced Settings Test should access issuer configuration interface",
              "timedOut": null,
              "duration": 191,
              "state": "passed",
              "speed": "fast",
              "pass": true,
              "fail": false,
              "pending": false,
              "context": null,
              "code": "// Test specifically for issuer configuration functionality\ncy.log('Testing issuer configuration interface access');\n// Try to access any processor configuration first\ncy.testProcessorAdvancedSettings();\n// Then specifically look for issuer config elements\ncy.get('body').then($body => {\n  const hasIssuerElements = $body.find('*').filter((i, el) => {\n    const text = Cypress.$(el).text().toLowerCase();\n    const className = Cypress.$(el).attr('class') || '';\n    return text.includes('issuer') || className.includes('issuer');\n  }).length > 0;\n  if (hasIssuerElements) {\n    cy.log('Issuer configuration elements detected');\n    cy.testIssuerConfigTab();\n  } else {\n    cy.log('No issuer configuration elements detected in current state');\n  }\n});",
              "err": {},
              "uuid": "d9995a12-80a7-4ff6-a2ff-fdf5cb367eb6",
              "parentUUID": "5c3516db-ecf1-4d59-b438-368cc95f1d1e",
              "isHook": false,
              "skipped": false
            },
            {
              "title": "should access token verification interface",
              "fullTitle": "NiFi Advanced Settings Test should access token verification interface",
              "timedOut": null,
              "duration": 184,
              "state": "passed",
              "speed": "fast",
              "pass": true,
              "fail": false,
              "pending": false,
              "context": null,
              "code": "// Test specifically for token verification functionality\ncy.log('Testing token verification interface access');\n// Try to access any processor configuration first\ncy.testProcessorAdvancedSettings();\n// Then specifically look for token verification elements\ncy.get('body').then($body => {\n  const hasTokenElements = $body.find('*').filter((i, el) => {\n    const text = Cypress.$(el).text().toLowerCase();\n    const className = Cypress.$(el).attr('class') || '';\n    return text.includes('token') && text.includes('verify') || className.includes('token') || className.includes('verification');\n  }).length > 0;\n  if (hasTokenElements) {\n    cy.log('Token verification elements detected');\n    cy.testTokenVerificationTab();\n  } else {\n    cy.log('No token verification elements detected in current state');\n  }\n});",
              "err": {},
              "uuid": "4255e0a2-064f-43a9-9cf9-158b2a3b47dd",
              "parentUUID": "5c3516db-ecf1-4d59-b438-368cc95f1d1e",
              "isHook": false,
              "skipped": false
            },
            {
              "title": "should validate JWT tokens with processor",
              "fullTitle": "NiFi Advanced Settings Test should validate JWT tokens with processor",
              "timedOut": null,
              "duration": 190,
              "state": "passed",
              "speed": "fast",
              "pass": true,
              "fail": false,
              "pending": false,
              "context": null,
              "code": "// Test JWT token validation functionality\ncy.log('Testing JWT token validation with processor');\n// First access advanced settings to ensure processor is available\ncy.testProcessorAdvancedSettings();\n// Generate test tokens\ncy.generateTestToken({\n  sub: 'test-user',\n  scope: 'read write'\n}).then(validToken => {\n  cy.log('Generated valid token for testing');\n  // Test with valid token (this will attempt validation if interface is available)\n  cy.get('body').then($body => {\n    const hasProcessors = $body.find('g.processor, [class*=\"processor\"], .component').length > 0;\n    if (hasProcessors) {\n      // Try to get processor ID from first processor\n      cy.get('g.processor, [class*=\"processor\"], .component').first().then($processor => {\n        const processorId = $processor.attr('id') || 'test-processor';\n        cy.verifyTokenValidation(processorId, validToken);\n      });\n    } else {\n      cy.log('No processors available for token validation test');\n    }\n  });\n});\n// Test with expired token\ncy.generateExpiredToken().then(_expiredToken => {\n  cy.log('Generated expired token for testing');\n  // Token validation would normally detect this as expired\n});\n// Test with malformed token\ncy.generateMalformedToken().then(_malformedToken => {\n  cy.log('Generated malformed token for testing');\n  // Token validation would normally detect this as invalid\n});",
              "err": {},
              "uuid": "aa8e9628-b0e8-4498-afff-c272b6726230",
              "parentUUID": "5c3516db-ecf1-4d59-b438-368cc95f1d1e",
              "isHook": false,
              "skipped": false
            },
            {
              "title": "should validate JWKS endpoint configuration",
              "fullTitle": "NiFi Advanced Settings Test should validate JWKS endpoint configuration",
              "timedOut": null,
              "duration": 239,
              "state": "passed",
              "speed": "fast",
              "pass": true,
              "fail": false,
              "pending": false,
              "context": null,
              "code": "// Test JWKS endpoint validation functionality\ncy.log('Testing JWKS endpoint validation');\n// Test with Keycloak JWKS endpoint (available in integration environment)\nconst keycloakJwksUrl = 'http://localhost:9080/realms/oauth_integration_tests/protocol/openid-connect/certs';\n// Validate JWKS URL format\ncy.validateJwksUrlFormat(keycloakJwksUrl);\n// Test JWKS endpoint accessibility\ncy.verifyJwksEndpoint(keycloakJwksUrl);\n// Test processor JWKS configuration\ncy.get('body').then($body => {\n  const hasProcessors = $body.find('g.processor, [class*=\"processor\"], .component').length > 0;\n  if (hasProcessors) {\n    cy.get('g.processor, [class*=\"processor\"], .component').first().then($processor => {\n      const processorId = $processor.attr('id') || 'test-processor';\n      // Test different JWKS configuration types\n      cy.testJwksConfiguration(processorId, 'url', keycloakJwksUrl);\n    });\n  } else {\n    cy.log('No processors available for JWKS configuration test');\n  }\n});\n// Create test JWKS configuration\ncy.createTestJwksConfig().then(testJwks => {\n  cy.log('Test JWKS configuration created successfully');\n  expect(testJwks).to.have.property('keys');\n  expect(testJwks.keys).to.be.an('array');\n});",
              "err": {},
              "uuid": "7a9c4606-2297-4357-b1d4-d01cdbc89e8a",
              "parentUUID": "5c3516db-ecf1-4d59-b438-368cc95f1d1e",
              "isHook": false,
              "skipped": false
            },
            {
              "title": "should handle missing required processor properties",
              "fullTitle": "NiFi Advanced Settings Test should handle missing required processor properties",
              "timedOut": null,
              "duration": 173,
              "state": "passed",
              "speed": "fast",
              "pass": true,
              "fail": false,
              "pending": false,
              "context": null,
              "code": "cy.log('Testing missing required property error handling');\n// Try to add a processor for testing\ncy.get('body').then($body => {\n  const hasAddButton = $body.find('button, [class*=\"add\"], [class*=\"toolbar\"]').filter((i, el) => {\n    const text = Cypress.$(el).text().toLowerCase();\n    return text.includes('add') || text.includes('processor');\n  }).length > 0;\n  if (hasAddButton) {\n    // Add a processor and test missing required properties\n    cy.get('button, [class*=\"add\"], [class*=\"toolbar\"]').contains(/add|processor/i).first().click({\n      force: true\n    });\n    cy.wait(1000);\n    cy.get('body').then($bodyWithDialog => {\n      const hasProcessorList = $bodyWithDialog.find('*').filter((i, el) => {\n        const text = Cypress.$(el).text();\n        return text.includes('MultiIssuer') || text.includes('JWT');\n      }).length > 0;\n      if (hasProcessorList) {\n        cy.get('*').contains(/MultiIssuer.*JWT/i).first().click({\n          force: true\n        });\n        cy.get('button').contains(/(ok|add|apply)/i).first().click({\n          force: true\n        });\n        cy.wait(1000);\n        cy.get('g.processor').first().then($processor => {\n          const processorId = $processor.attr('id');\n          cy.testMissingRequiredProperty(processorId, 'JWKS Type');\n        });\n      }\n    });\n  } else {\n    cy.log('No add button found - testing with existing processors if available');\n    cy.get('body').then($bodyCheck => {\n      const hasProcessors = $bodyCheck.find('g.processor').length > 0;\n      if (hasProcessors) {\n        cy.get('g.processor').first().then($processor => {\n          const processorId = $processor.attr('id');\n          cy.testMissingRequiredProperty(processorId, 'JWKS Type');\n        });\n      }\n    });\n  }\n});",
              "err": {},
              "uuid": "a0f5aa98-795a-49c3-a7fe-e8566dd38dfd",
              "parentUUID": "5c3516db-ecf1-4d59-b438-368cc95f1d1e",
              "isHook": false,
              "skipped": false
            },
            {
              "title": "should handle network timeout scenarios",
              "fullTitle": "NiFi Advanced Settings Test should handle network timeout scenarios",
              "timedOut": null,
              "duration": 515,
              "state": "passed",
              "speed": "fast",
              "pass": true,
              "fail": false,
              "pending": false,
              "context": null,
              "code": "cy.log('Testing network timeout error handling');\ncy.get('body').then($body => {\n  const hasProcessors = $body.find('g.processor').length > 0;\n  if (hasProcessors) {\n    cy.get('g.processor').first().then($processor => {\n      const processorId = $processor.attr('id');\n      cy.testNetworkTimeout(processorId);\n    });\n  } else {\n    cy.log('No processors available for timeout testing');\n  }\n});",
              "err": {},
              "uuid": "6e5f70c8-73d2-4b34-acc2-f21d1fa7be71",
              "parentUUID": "5c3516db-ecf1-4d59-b438-368cc95f1d1e",
              "isHook": false,
              "skipped": false
            },
            {
              "title": "should handle invalid file paths",
              "fullTitle": "NiFi Advanced Settings Test should handle invalid file paths",
              "timedOut": null,
              "duration": 151,
              "state": "passed",
              "speed": "fast",
              "pass": true,
              "fail": false,
              "pending": false,
              "context": null,
              "code": "cy.log('Testing invalid file path error handling');\ncy.get('body').then($body => {\n  const hasProcessors = $body.find('g.processor').length > 0;\n  if (hasProcessors) {\n    cy.get('g.processor').first().then($processor => {\n      const processorId = $processor.attr('id');\n      cy.testInvalidFilePath(processorId);\n    });\n  } else {\n    cy.log('No processors available for file path testing');\n  }\n});",
              "err": {},
              "uuid": "1385df3e-f2d0-423a-a47e-f75a9da8ffae",
              "parentUUID": "5c3516db-ecf1-4d59-b438-368cc95f1d1e",
              "isHook": false,
              "skipped": false
            },
            {
              "title": "should handle malformed JSON in JWKS content",
              "fullTitle": "NiFi Advanced Settings Test should handle malformed JSON in JWKS content",
              "timedOut": null,
              "duration": 152,
              "state": "passed",
              "speed": "fast",
              "pass": true,
              "fail": false,
              "pending": false,
              "context": null,
              "code": "cy.log('Testing malformed JSON error handling');\ncy.get('body').then($body => {\n  const hasProcessors = $body.find('g.processor').length > 0;\n  if (hasProcessors) {\n    cy.get('g.processor').first().then($processor => {\n      const processorId = $processor.attr('id');\n      cy.testMalformedJson(processorId);\n    });\n  } else {\n    cy.log('No processors available for JSON testing');\n  }\n});",
              "err": {},
              "uuid": "b6250d16-126d-41b5-a7c0-b2707dce69a3",
              "parentUUID": "5c3516db-ecf1-4d59-b438-368cc95f1d1e",
              "isHook": false,
              "skipped": false
            },
            {
              "title": "should support multiple issuer configurations",
              "fullTitle": "NiFi Advanced Settings Test should support multiple issuer configurations",
              "timedOut": null,
              "duration": 147,
              "state": "passed",
              "speed": "fast",
              "pass": true,
              "fail": false,
              "pending": false,
              "context": null,
              "code": "cy.log('Testing multi-issuer JWT configuration');\ncy.get('body').then($body => {\n  const hasProcessors = $body.find('g.processor').length > 0;\n  if (hasProcessors) {\n    cy.get('g.processor').first().then($processor => {\n      const processorId = $processor.attr('id');\n      // Test multiple issuers configuration\n      const testIssuers = ['https://issuer1.example.com', 'https://issuer2.example.com', 'https://auth.example.org'];\n      cy.configureMultipleIssuers(processorId, testIssuers);\n      // Validate issuer list format\n      cy.validateIssuerListFormat(testIssuers.join(','));\n      // Test issuer validation settings\n      cy.testIssuerValidation(processorId, true);\n    });\n  } else {\n    cy.log('No processors available for multi-issuer testing');\n  }\n});",
              "err": {},
              "uuid": "c387a100-c318-48fd-b79c-23e427e471d1",
              "parentUUID": "5c3516db-ecf1-4d59-b438-368cc95f1d1e",
              "isHook": false,
              "skipped": false
            },
            {
              "title": "should validate multi-issuer property configurations",
              "fullTitle": "NiFi Advanced Settings Test should validate multi-issuer property configurations",
              "timedOut": null,
              "duration": 148,
              "state": "passed",
              "speed": "fast",
              "pass": true,
              "fail": false,
              "pending": false,
              "context": null,
              "code": "cy.log('Testing multi-issuer property validation');\ncy.get('body').then($body => {\n  const hasProcessors = $body.find('g.processor').length > 0;\n  if (hasProcessors) {\n    cy.get('g.processor').first().then($processor => {\n      const processorId = $processor.attr('id');\n      cy.testMultiIssuerPropertyValidation(processorId);\n    });\n  } else {\n    cy.log('No processors available for property validation testing');\n  }\n});",
              "err": {},
              "uuid": "687aeeb7-184c-4306-a8a2-afe41086bf38",
              "parentUUID": "5c3516db-ecf1-4d59-b438-368cc95f1d1e",
              "isHook": false,
              "skipped": false
            },
            {
              "title": "should handle different JWKS configuration types for multi-issuer",
              "fullTitle": "NiFi Advanced Settings Test should handle different JWKS configuration types for multi-issuer",
              "timedOut": null,
              "duration": 149,
              "state": "passed",
              "speed": "fast",
              "pass": true,
              "fail": false,
              "pending": false,
              "context": null,
              "code": "cy.log('Testing different JWKS configuration types');\ncy.get('body').then($body => {\n  const hasProcessors = $body.find('g.processor').length > 0;\n  if (hasProcessors) {\n    cy.get('g.processor').first().then($processor => {\n      const processorId = $processor.attr('id');\n      // Test server-based JWKS\n      cy.testMultiIssuerJwksConfig(processorId, 'server', 'http://localhost:9080/realms/oauth_integration_tests/protocol/openid-connect/certs');\n      // Test file-based JWKS\n      cy.testMultiIssuerJwksConfig(processorId, 'file', '/path/to/test/jwks.json');\n      // Test in-memory JWKS with simple test data\n      const testJwks = {\n        keys: [{\n          kty: 'RSA',\n          use: 'sig',\n          kid: 'test-key-id',\n          n: 'test-modulus',\n          e: 'AQAB'\n        }]\n      };\n      cy.testMultiIssuerJwksConfig(processorId, 'memory', testJwks);\n    });\n  } else {\n    cy.log('No processors available for JWKS configuration testing');\n  }\n});",
              "err": {},
              "uuid": "05a61d2f-935d-4cf0-ba25-24e3eaced7e9",
              "parentUUID": "5c3516db-ecf1-4d59-b438-368cc95f1d1e",
              "isHook": false,
              "skipped": false
            },
            {
              "title": "should test advanced dialog navigation",
              "fullTitle": "NiFi Advanced Settings Test should test advanced dialog navigation",
              "timedOut": null,
              "duration": 136,
              "state": "passed",
              "speed": "fast",
              "pass": true,
              "fail": false,
              "pending": false,
              "context": null,
              "code": "cy.log('Testing advanced dialog navigation and tab system');\ncy.get('body').then($body => {\n  const hasProcessors = $body.find('g.processor').length > 0;\n  if (hasProcessors) {\n    cy.get('g.processor').first().then($processor => {\n      const processorId = $processor.attr('id');\n      // Test opening advanced dialog\n      cy.openProcessorAdvancedDialog(processorId);\n      // Test cross-tab navigation with different naming conventions\n      cy.testCrossTabNavigation(['tab1', 'tab2', 'tab3']);\n      // Test mixed naming convention navigation\n      cy.testMixedTabNavigation(['properties', 'tab2', 'metrics']);\n      // Test tab alternatives\n      cy.testTabAlternatives();\n      // Close dialog\n      cy.closeAdvancedDialog();\n    });\n  } else {\n    cy.log('No processors available for advanced navigation testing');\n  }\n});",
              "err": {},
              "uuid": "37bac48f-2f4d-4e79-afd0-4ae05dbee00d",
              "parentUUID": "5c3516db-ecf1-4d59-b438-368cc95f1d1e",
              "isHook": false,
              "skipped": false
            },
            {
              "title": "should verify tab content validation",
              "fullTitle": "NiFi Advanced Settings Test should verify tab content validation",
              "timedOut": null,
              "duration": 149,
              "state": "passed",
              "speed": "fast",
              "pass": true,
              "fail": false,
              "pending": false,
              "context": null,
              "code": "cy.log('Testing tab content validation');\ncy.get('body').then($body => {\n  const hasProcessors = $body.find('g.processor').length > 0;\n  if (hasProcessors) {\n    cy.get('g.processor').first().then($processor => {\n      const processorId = $processor.attr('id');\n      // Open advanced dialog\n      cy.openProcessorAdvancedDialog(processorId);\n      // Test each tab type validation\n      cy.navigateToCustomUITab('properties');\n      cy.verifyTabContent('properties');\n      cy.navigateToCustomUITab('validation');\n      cy.verifyTabContent('validation');\n      cy.navigateToCustomUITab('advanced');\n      cy.verifyTabContent('advanced');\n      // Close dialog\n      cy.closeAdvancedDialog();\n    });\n  } else {\n    cy.log('No processors available for tab content validation testing');\n  }\n});",
              "err": {},
              "uuid": "e8ba0400-40ae-4080-9b85-613c46584636",
              "parentUUID": "5c3516db-ecf1-4d59-b438-368cc95f1d1e",
              "isHook": false,
              "skipped": false
            }
          ],
          "suites": [],
          "passes": [
            "075a4e85-1d3c-45f0-9af6-6ce3de9a9e9c",
            "f62b5e46-061f-4807-b778-f82149b6d0f1",
            "d9995a12-80a7-4ff6-a2ff-fdf5cb367eb6",
            "4255e0a2-064f-43a9-9cf9-158b2a3b47dd",
            "aa8e9628-b0e8-4498-afff-c272b6726230",
            "7a9c4606-2297-4357-b1d4-d01cdbc89e8a",
            "a0f5aa98-795a-49c3-a7fe-e8566dd38dfd",
            "6e5f70c8-73d2-4b34-acc2-f21d1fa7be71",
            "1385df3e-f2d0-423a-a47e-f75a9da8ffae",
            "b6250d16-126d-41b5-a7c0-b2707dce69a3",
            "c387a100-c318-48fd-b79c-23e427e471d1",
            "687aeeb7-184c-4306-a8a2-afe41086bf38",
            "05a61d2f-935d-4cf0-ba25-24e3eaced7e9",
            "37bac48f-2f4d-4e79-afd0-4ae05dbee00d",
            "e8ba0400-40ae-4080-9b85-613c46584636"
          ],
          "failures": [],
          "pending": [],
          "skipped": [],
          "duration": 3553,
          "root": false,
          "rootEmpty": false,
          "_timeout": 2000
        }
      ],
      "passes": [],
      "failures": [],
      "pending": [],
      "skipped": [],
      "duration": 0,
      "root": true,
      "rootEmpty": true,
      "_timeout": 2000
    }
  ],
  "meta": {
    "mocha": {
      "version": "7.2.0"
    },
    "mochawesome": {
      "options": {
        "quiet": false,
        "reportFilename": "mochawesome",
        "saveHtml": true,
        "saveJson": true,
        "consoleReporter": "spec",
        "useInlineDiffs": false,
        "code": true
      },
      "version": "7.1.3"
    },
    "marge": {
      "options": {
        "id": "default",
        "reportDir": "tests-report",
        "overwrite": false,
        "html": true,
        "json": true
      },
      "version": "6.2.0"
    }
  }
}