<?xml version="1.0" encoding="UTF-8"?>
<testsuite xmlns:xsi="http://www.w3.org/2001/XMLSchema-instance" xsi:noNamespaceSchemaLocation="https://maven.apache.org/surefire/maven-failsafe-plugin/xsd/failsafe-test-report.xsd" version="3.0.2" name="de.cuioss.nifi.integration.RestApiGatewayIT" time="15.499" tests="89" errors="0" skipped="0" failures="0" flakes="0">
  <properties>
[...]
</properties>
  <testcase name="shouldReturn403WhenTokenLacksRequiredRole" classname="Authorization" time="1.747"/>
  <testcase name="shouldReturn405ForDeleteOnData" classname="Error Handling" time="0.197"/>
  <testcase name="shouldReturn404ForUnknownRoute" classname="Error Handling" time="0.121"/>
  <testcase name="shouldReturn401ForTokenFromWrongRealm" classname="Error Handling" time="0.287"/>
  <testcase name="disabledRouteReturns404" classname="Error Handling" time="0.096"/>
  <testcase name="shouldReturn404ForRemovedHealthRoute" classname="Error Handling" time="0.117"/>
  <testcase name="shouldReturn413ForOversizedBody" classname="Error Handling" time="0.327"/>
  <testcase name="shouldReturn405ForPostOnMetrics" classname="Management Endpoints" time="0.076"/>
  <testcase name="shouldReturn401ForMetricsWithoutAuth" classname="Management Endpoints" time="0.151"/>
  <testcase name="shouldReturn401ForMetricsWithInvalidJwt" classname="Management Endpoints" time="0.116"/>
  <testcase name="shouldReturnHealthWithBearerToken" classname="Management Endpoints" time="0.235"/>
  <testcase name="shouldReturn405ForPostOnHealth" classname="Management Endpoints" time="0.166"/>
  <testcase name="shouldReturn401ForHealthWithoutAuth" classname="Management Endpoints" time="0.077"/>
  <testcase name="shouldReturnPrometheusMetrics" classname="Management Endpoints" time="0.091"/>
  <testcase name="shouldReturnJsonMetrics" classname="Management Endpoints" time="0.149"/>
  <testcase name="shouldReturn405ForGetOnValidated" classname="Schema Validation" time="0.095"/>
  <testcase name="shouldReject422ForMalformedJson" classname="Schema Validation" time="0.136"/>
  <testcase name="shouldReturnViolationsArrayWithPointerAndMessage" classname="Schema Validation" time="0.153"/>
  <testcase name="shouldReject422ForAdditionalProperties" classname="Schema Validation" time="0.108"/>
  <testcase name="shouldReject422ForWrongFieldType" classname="Schema Validation" time="0.088"/>
  <testcase name="shouldReject422ForEmptyBody" classname="Schema Validation" time="0.152"/>
  <testcase name="shouldReject422ForMissingRequiredField" classname="Schema Validation" time="0.193"/>
  <testcase name="shouldAcceptValidBody" classname="Schema Validation" time="0.083"/>
  <testcase name="shouldReturn401ForDataPostWithoutJwt" classname="Data Endpoint" time="0.108"/>
  <testcase name="shouldReturn401ForDataGetWithoutJwt" classname="Data Endpoint" time="0.046"/>
  <testcase name="shouldAcceptDataPostWithValidJwt" classname="Data Endpoint" time="0.089"/>
  <testcase name="shouldReturn401ForDataGetWithInvalidJwt" classname="Data Endpoint" time="0.061"/>
  <testcase name="shouldAcceptDataGetWithValidJwt" classname="Data Endpoint" time="0.114"/>
  <testcase name="shouldIncludeParentTraceIdWhenHeaderProvided" classname="Request Tracking" time="0.371"/>
  <testcase name="shouldReturn404ForUnknownTraceId" classname="Request Tracking" time="0.122"/>
  <testcase name="shouldReturn401ForStatusWithoutAuth" classname="Request Tracking" time="0.077"/>
  <testcase name="shouldReturn400ForInvalidUuid" classname="Request Tracking" time="0.081"/>
  <testcase name="shouldReturn200ForGetOnTrackedRoute" classname="Request Tracking" time="0.077"/>
  <testcase name="shouldReturn400ForMissingTraceId" classname="Request Tracking" time="0.064"/>
  <testcase name="shouldReturnAcceptedStatusForTrackedRequest" classname="Request Tracking" time="0.163"/>
  <testcase name="shouldHandleApacheCveAttackInItemId(AttackTestCase)[1]" classname="Path-Parameter Routes" time="0.063"/>
  <testcase name="shouldHandleApacheCveAttackInItemId(AttackTestCase)[2]" classname="Path-Parameter Routes" time="0.062"/>
  <testcase name="shouldHandleApacheCveAttackInItemId(AttackTestCase)[3]" classname="Path-Parameter Routes" time="0.04"/>
  <testcase name="shouldHandleApacheCveAttackInItemId(AttackTestCase)[4]" classname="Path-Parameter Routes" time="0.102"/>
  <testcase name="shouldHandleApacheCveAttackInItemId(AttackTestCase)[5]" classname="Path-Parameter Routes" time="0.153"/>
  <testcase name="shouldHandleApacheCveAttackInItemId(AttackTestCase)[6]" classname="Path-Parameter Routes" time="0.188"/>
  <testcase name="shouldHandleApacheCveAttackInItemId(AttackTestCase)[7]" classname="Path-Parameter Routes" time="0.182"/>
  <testcase name="shouldHandleApacheCveAttackInItemId(AttackTestCase)[8]" classname="Path-Parameter Routes" time="0.049"/>
  <testcase name="shouldHandleApacheCveAttackInItemId(AttackTestCase)[9]" classname="Path-Parameter Routes" time="0.108"/>
  <testcase name="shouldHandleApacheCveAttackInItemId(AttackTestCase)[10]" classname="Path-Parameter Routes" time="0.069"/>
  <testcase name="shouldHandleApacheCveAttackInItemId(AttackTestCase)[11]" classname="Path-Parameter Routes" time="0.125"/>
  <testcase name="shouldHandleApacheCveAttackInItemId(AttackTestCase)[12]" classname="Path-Parameter Routes" time="0.068"/>
  <testcase name="shouldHandleApacheCveAttackInItemId(AttackTestCase)[13]" classname="Path-Parameter Routes" time="0.06"/>
  <testcase name="shouldHandleApacheCveAttackInItemId(AttackTestCase)[14]" classname="Path-Parameter Routes" time="0.082"/>
  <testcase name="shouldHandleApacheCveAttackInItemId(AttackTestCase)[15]" classname="Path-Parameter Routes" time="0.053"/>
  <testcase name="shouldReturn401ForParameterizedRouteWithoutJwt" classname="Path-Parameter Routes" time="0.137"/>
  <testcase name="shouldHandleModSecurityAttackInItemId(AttackTestCase)[1]" classname="Path-Parameter Routes" time="0.259"/>
  <testcase name="shouldHandleModSecurityAttackInItemId(AttackTestCase)[2]" classname="Path-Parameter Routes" time="0.181"/>
  <testcase name="shouldHandleModSecurityAttackInItemId(AttackTestCase)[3]" classname="Path-Parameter Routes" time="0.43"/>
  <testcase name="shouldHandleModSecurityAttackInItemId(AttackTestCase)[4]" classname="Path-Parameter Routes" time="0.101"/>
  <testcase name="shouldHandleModSecurityAttackInItemId(AttackTestCase)[5]" classname="Path-Parameter Routes" time="0.115"/>
  <testcase name="shouldHandleModSecurityAttackInItemId(AttackTestCase)[6]" classname="Path-Parameter Routes" time="0.106"/>
  <testcase name="shouldHandleModSecurityAttackInItemId(AttackTestCase)[7]" classname="Path-Parameter Routes" time="0.257"/>
  <testcase name="shouldHandleModSecurityAttackInItemId(AttackTestCase)[8]" classname="Path-Parameter Routes" time="0.1"/>
  <testcase name="shouldHandleModSecurityAttackInItemId(AttackTestCase)[9]" classname="Path-Parameter Routes" time="0.099"/>
  <testcase name="shouldHandleModSecurityAttackInItemId(AttackTestCase)[10]" classname="Path-Parameter Routes" time="0.077"/>
  <testcase name="shouldHandleModSecurityAttackInItemId(AttackTestCase)[11]" classname="Path-Parameter Routes" time="0.104"/>
  <testcase name="shouldHandleModSecurityAttackInItemId(AttackTestCase)[12]" classname="Path-Parameter Routes" time="0.066"/>
  <testcase name="shouldHandleModSecurityAttackInItemId(AttackTestCase)[13]" classname="Path-Parameter Routes" time="0.073"/>
  <testcase name="shouldHandleModSecurityAttackInItemId(AttackTestCase)[14]" classname="Path-Parameter Routes" time="0.065"/>
  <testcase name="shouldHandleModSecurityAttackInItemId(AttackTestCase)[15]" classname="Path-Parameter Routes" time="0.091"/>
  <testcase name="shouldHandleModSecurityAttackInItemId(AttackTestCase)[16]" classname="Path-Parameter Routes" time="0.077"/>
  <testcase name="shouldHandleModSecurityAttackInItemId(AttackTestCase)[17]" classname="Path-Parameter Routes" time="0.082"/>
  <testcase name="shouldHandleModSecurityAttackInItemId(AttackTestCase)[18]" classname="Path-Parameter Routes" time="0.092"/>
  <testcase name="shouldHandleModSecurityAttackInItemId(AttackTestCase)[19]" classname="Path-Parameter Routes" time="0.121"/>
  <testcase name="shouldHandleModSecurityAttackInItemId(AttackTestCase)[20]" classname="Path-Parameter Routes" time="0.062"/>
  <testcase name="shouldReturn404ForNonMatchingPath" classname="Path-Parameter Routes" time="0.052"/>
  <testcase name="shouldHandleOwaspAttackInItemId(AttackTestCase)[1]" classname="Path-Parameter Routes" time="0.084"/>
  <testcase name="shouldHandleOwaspAttackInItemId(AttackTestCase)[2]" classname="Path-Parameter Routes" time="0.205"/>
  <testcase name="shouldHandleOwaspAttackInItemId(AttackTestCase)[3]" classname="Path-Parameter Routes" time="0.075"/>
  <testcase name="shouldHandleOwaspAttackInItemId(AttackTestCase)[4]" classname="Path-Parameter Routes" time="0.064"/>
  <testcase name="shouldHandleOwaspAttackInItemId(AttackTestCase)[5]" classname="Path-Parameter Routes" time="0.077"/>
  <testcase name="shouldHandleOwaspAttackInItemId(AttackTestCase)[6]" classname="Path-Parameter Routes" time="0.1"/>
  <testcase name="shouldHandleOwaspAttackInItemId(AttackTestCase)[7]" classname="Path-Parameter Routes" time="0.142"/>
  <testcase name="shouldHandleOwaspAttackInItemId(AttackTestCase)[8]" classname="Path-Parameter Routes" time="0.056"/>
  <testcase name="shouldHandleOwaspAttackInItemId(AttackTestCase)[9]" classname="Path-Parameter Routes" time="0.041"/>
  <testcase name="shouldMatchParameterizedRoute(String)[1]" classname="Path-Parameter Routes" time="0.064"/>
  <testcase name="shouldMatchParameterizedRoute(String)[2]" classname="Path-Parameter Routes" time="0.145"/>
  <testcase name="shouldMatchParameterizedRoute(String)[3]" classname="Path-Parameter Routes" time="0.062"/>
  <testcase name="shouldMatchParameterizedRouteForDifferentValue(String)[1]" classname="Path-Parameter Routes" time="0.044"/>
  <testcase name="shouldMatchParameterizedRouteForDifferentValue(String)[2]" classname="Path-Parameter Routes" time="0.037"/>
  <testcase name="shouldMatchParameterizedRouteForDifferentValue(String)[3]" classname="Path-Parameter Routes" time="0.037"/>
  <testcase name="shouldReject422ForInvalidBodyOnInlineSchemaRoute" classname="Inline Schema Validation" time="0.194"/>
  <testcase name="shouldAcceptValidBodyOnInlineSchemaRoute" classname="Inline Schema Validation" time="0.037"/>
</testsuite>