<?xml version="1.0" encoding="UTF-8"?>
<testsuite xmlns:xsi="http://www.w3.org/2001/XMLSchema-instance" xsi:noNamespaceSchemaLocation="https://maven.apache.org/surefire/maven-failsafe-plugin/xsd/failsafe-test-report.xsd" version="3.0.2" name="de.cuioss.pm.mcp.integration.HelloToolIT" time="1.549" tests="1" errors="0" skipped="0" failures="0" flakes="0">
  <properties>
[...]
</properties>
  <testcase name="shouldGreetViaMcp" classname="de.cuioss.pm.mcp.integration.HelloToolIT" time="1.281"/>
</testsuite>